\BOOKMARK [0][-]{chapter*.1}{Contents}{}% 1
\BOOKMARK [0][-]{chapter*.2}{List\040of\040Tables}{}% 2
\BOOKMARK [0][-]{chapter*.3}{List\040of\040Figures}{}% 3
\BOOKMARK [0][-]{chapter.1}{Introduction}{}% 4
\BOOKMARK [1][-]{section.1.1}{The\040Discovery\040of\040the\040Higgs\040Boson}{chapter.1}% 5
\BOOKMARK [0][-]{chapter.2}{The\040ATLAS\040experiment}{}% 6
\BOOKMARK [1][-]{section.2.1}{The\040ATLAS\040detector}{chapter.2}% 7
\BOOKMARK [1][-]{section.2.2}{Data\040and\040MC\040samples}{chapter.2}% 8
\BOOKMARK [2][-]{subsection.2.2.1}{Data\040samples}{section.2.2}% 9
\BOOKMARK [2][-]{subsection.2.2.2}{MC\040samples}{section.2.2}% 10
\BOOKMARK [0][-]{chapter.3}{VBF\040HWW\040analysis}{}% 11
\BOOKMARK [1][-]{section.3.1}{Common\040event\040selection}{chapter.3}% 12
\BOOKMARK [1][-]{section.3.2}{Construction\040of\040the\040VBF\040phase\040space}{chapter.3}% 13
\BOOKMARK [2][-]{subsection.3.2.1}{Experimental\040signature\040of\040VBF\040Higgs\040boson}{section.3.2}% 14
\BOOKMARK [2][-]{subsection.3.2.2}{Event\040selection\040for\040VBF-enriched\040phase\040space}{section.3.2}% 15
\BOOKMARK [1][-]{section.3.3}{Results\040of\040VBF\040analysis\040in\040Run-2}{chapter.3}% 16
\BOOKMARK [0][-]{chapter.4}{The\040estimation\040of\040WW\040background}{}% 17
\BOOKMARK [1][-]{section.4.1}{Normalization\040factor}{chapter.4}% 18
\BOOKMARK [1][-]{section.4.2}{Construction\040of\040a\040WW\040CR}{chapter.4}% 19
\BOOKMARK [2][-]{subsection.4.2.1}{mT\040and\040mT2\040variables}{section.4.2}% 20
\BOOKMARK [0][-]{chapter.5}{Conclusion\040and\040Outlook}{}% 21
\BOOKMARK [0][-]{chapter.5}{Appendix}{}% 22
\BOOKMARK [0][-]{appendix.A}{Appendix}{}% 23
\BOOKMARK [1][-]{section.A.1}{Event\040displays\040for\040Higgs\040boson\040candidates}{appendix.A}% 24
\BOOKMARK [1][-]{section.A.2}{Re-estimation\040of\040WW\040theoretical\040uncertainties\040with\040the\040modified\040pTtot\040variable}{appendix.A}% 25
\BOOKMARK [1][-]{section.A.3}{Optimization\040of\040the\040selections\040for\040VBF\040phase\040space}{appendix.A}% 26
\BOOKMARK [0][-]{appendix*.10}{Reference}{}% 27
